# JRE version: Java(TM) SE Runtime Environment (8.0_251-b08) (build 1.8.0_251-b08)
# Java VM: Java HotSpot(TM) 64-Bit Server VM (25.251-b08 mixed mode windows-amd64 compressed oops)
Heap:
 PSYoungGen      total 137216K, used 82361K [0x00000000f5580000, 0x0000000100000000, 0x0000000100000000)
  eden space 102912K, 55% used [0x00000000f5580000,0x00000000f8d8ee70,0x00000000fba00000)
  from space 34304K, 72% used [0x00000000fba00000,0x00000000fd25f7e0,0x00000000fdb80000)
  to   space 35328K, 0% used [0x00000000fdd80000,0x00000000fdd80000,0x0000000100000000)
 ParOldGen       total 261120K, used 51719K [0x00000000e0000000, 0x00000000eff00000, 0x00000000f5580000)
  object space 261120K, 19% used [0x00000000e0000000,0x00000000e3281da8,0x00000000eff00000)
 Metaspace       used 95268K, capacity 99762K, committed 101632K, reserved 1136640K
  class space    used 12765K, capacity 13701K, committed 14080K, reserved 1048576K
GC Heap History (10 events):
Event: 4520.503 GC heap before
{Heap before GC invocations=23 (full 3):
 PSYoungGen      total 136192K, used 87072K [0x00000000f5580000, 0x0000000100000000, 0x0000000100000000)
  eden space 108032K, 54% used [0x00000000f5580000,0x00000000f8f6fe68,0x00000000fbf00000)
  from space 28160K, 98% used [0x00000000fc100000,0x00000000fdc18580,0x00000000fdc80000)
  to   space 34816K, 0% used [0x00000000fde00000,0x00000000fde00000,0x0000000100000000)
 ParOldGen       total 181760K, used 65841K [0x00000000e0000000, 0x00000000eb180000, 0x00000000f5580000)
  object space 181760K, 36% used [0x00000000e0000000,0x00000000e404c428,0x00000000eb180000)
 Metaspace       used 92902K, capacity 98420K, committed 98600K, reserved 1134592K
  class space    used 12597K, capacity 13690K, committed 13696K, reserved 1048576K
Event: 4520.520 GC heap after
Heap after GC invocations=23 (full 3):
 PSYoungGen      total 136704K, used 26085K [0x00000000f5580000, 0x0000000100000000, 0x0000000100000000)
  eden space 101888K, 0% used [0x00000000f5580000,0x00000000f5580000,0x00000000fb900000)
  from space 34816K, 74% used [0x00000000fde00000,0x00000000ff779770,0x0000000100000000)
  to   space 36352K, 0% used [0x00000000fb900000,0x00000000fb900000,0x00000000fdc80000)
 ParOldGen       total 181760K, used 65849K [0x00000000e0000000, 0x00000000eb180000, 0x00000000f5580000)
  object space 181760K, 36% used [0x00000000e0000000,0x00000000e404e428,0x00000000eb180000)
 Metaspace       used 92902K, capacity 98420K, committed 98600K, reserved 1134592K
  class space    used 12597K, capacity 13690K, committed 13696K, reserved 1048576K
}
Event: 4520.520 GC heap before
{Heap before GC invocations=24 (full 4):
 PSYoungGen      total 136704K, used 26085K [0x00000000f5580000, 0x0000000100000000, 0x0000000100000000)
  eden space 101888K, 0% used [0x00000000f5580000,0x00000000f5580000,0x00000000fb900000)
  from space 34816K, 74% used [0x00000000fde00000,0x00000000ff779770,0x0000000100000000)
  to   space 36352K, 0% used [0x00000000fb900000,0x00000000fb900000,0x00000000fdc80000)
 ParOldGen       total 181760K, used 65849K [0x00000000e0000000, 0x00000000eb180000, 0x00000000f5580000)
  object space 181760K, 36% used [0x00000000e0000000,0x00000000e404e428,0x00000000eb180000)
 Metaspace       used 92902K, capacity 98420K, committed 98600K, reserved 1134592K
  class space    used 12597K, capacity 13690K, committed 13696K, reserved 1048576K
Event: 4520.716 GC heap after
Heap after GC invocations=24 (full 4):
 PSYoungGen      total 136704K, used 0K [0x00000000f5580000, 0x0000000100000000, 0x0000000100000000)
  eden space 101888K, 0% used [0x00000000f5580000,0x00000000f5580000,0x00000000fb900000)
  from space 34816K, 0% used [0x00000000fde00000,0x00000000fde00000,0x0000000100000000)
  to   space 36352K, 0% used [0x00000000fb900000,0x00000000fb900000,0x00000000fdc80000)
 ParOldGen       total 261120K, used 51695K [0x00000000e0000000, 0x00000000eff00000, 0x00000000f5580000)
  object space 261120K, 19% used [0x00000000e0000000,0x00000000e327bda8,0x00000000eff00000)
 Metaspace       used 91752K, capacity 95778K, committed 98600K, reserved 1134592K
  class space    used 12280K, capacity 13109K, committed 13696K, reserved 1048576K
}
Event: 4522.846 GC heap before
{Heap before GC invocations=25 (full 4):
 PSYoungGen      total 136704K, used 101888K [0x00000000f5580000, 0x0000000100000000, 0x0000000100000000)
  eden space 101888K, 100% used [0x00000000f5580000,0x00000000fb900000,0x00000000fb900000)
  from space 34816K, 0% used [0x00000000fde00000,0x00000000fde00000,0x0000000100000000)
  to   space 36352K, 0% used [0x00000000fb900000,0x00000000fb900000,0x00000000fdc80000)
 ParOldGen       total 261120K, used 51695K [0x00000000e0000000, 0x00000000eff00000, 0x00000000f5580000)
  object space 261120K, 19% used [0x00000000e0000000,0x00000000e327bda8,0x00000000eff00000)
 Metaspace       used 94406K, capacity 98418K, committed 100992K, reserved 1136640K
  class space    used 12620K, capacity 13448K, committed 13952K, reserved 1048576K
Event: 4522.858 GC heap after
Heap after GC invocations=25 (full 4):
 PSYoungGen      total 138240K, used 13376K [0x00000000f5580000, 0x00000000fff80000, 0x0000000100000000)
  eden space 101888K, 0% used [0x00000000f5580000,0x00000000f5580000,0x00000000fb900000)
  from space 36352K, 36% used [0x00000000fb900000,0x00000000fc610098,0x00000000fdc80000)
  to   space 35328K, 0% used [0x00000000fdd00000,0x00000000fdd00000,0x00000000fff80000)
 ParOldGen       total 261120K, used 51703K [0x00000000e0000000, 0x00000000eff00000, 0x00000000f5580000)
  object space 261120K, 19% used [0x00000000e0000000,0x00000000e327dda8,0x00000000eff00000)
 Metaspace       used 94406K, capacity 98418K, committed 100992K, reserved 1136640K
  class space    used 12620K, capacity 13448K, committed 13952K, reserved 1048576K
}
Event: 6292.702 GC heap before
{Heap before GC invocations=26 (full 4):
 PSYoungGen      total 138240K, used 115264K [0x00000000f5580000, 0x00000000fff80000, 0x0000000100000000)
  eden space 101888K, 100% used [0x00000000f5580000,0x00000000fb900000,0x00000000fb900000)
  from space 36352K, 36% used [0x00000000fb900000,0x00000000fc610098,0x00000000fdc80000)
  to   space 35328K, 0% used [0x00000000fdd00000,0x00000000fdd00000,0x00000000fff80000)
 ParOldGen       total 261120K, used 51703K [0x00000000e0000000, 0x00000000eff00000, 0x00000000f5580000)
  object space 261120K, 19% used [0x00000000e0000000,0x00000000e327dda8,0x00000000eff00000)
 Metaspace       used 94908K, capacity 99324K, committed 101376K, reserved 1136640K
  class space    used 12718K, capacity 13629K, committed 14080K, reserved 1048576K
Event: 6292.717 GC heap after
Heap after GC invocations=26 (full 4):
 PSYoungGen      total 135680K, used 14528K [0x00000000f5580000, 0x00000000ffd00000, 0x0000000100000000)
  eden space 102912K, 0% used [0x00000000f5580000,0x00000000f5580000,0x00000000fba00000)
  from space 32768K, 44% used [0x00000000fdd00000,0x00000000feb300c8,0x00000000ffd00000)
  to   space 34304K, 0% used [0x00000000fba00000,0x00000000fba00000,0x00000000fdb80000)
 ParOldGen       total 261120K, used 51711K [0x00000000e0000000, 0x00000000eff00000, 0x00000000f5580000)
  object space 261120K, 19% used [0x00000000e0000000,0x00000000e327fda8,0x00000000eff00000)
 Metaspace       used 94908K, capacity 99324K, committed 101376K, reserved 1136640K
  class space    used 12718K, capacity 13629K, committed 14080K, reserved 1048576K
}
Event: 6295.972 GC heap before
{Heap before GC invocations=27 (full 4):
 PSYoungGen      total 135680K, used 117440K [0x00000000f5580000, 0x00000000ffd00000, 0x0000000100000000)
  eden space 102912K, 100% used [0x00000000f5580000,0x00000000fba00000,0x00000000fba00000)
  from space 32768K, 44% used [0x00000000fdd00000,0x00000000feb300c8,0x00000000ffd00000)
  to   space 34304K, 0% used [0x00000000fba00000,0x00000000fba00000,0x00000000fdb80000)
 ParOldGen       total 261120K, used 51711K [0x00000000e0000000, 0x00000000eff00000, 0x00000000f5580000)
  object space 261120K, 19% used [0x00000000e0000000,0x00000000e327fda8,0x00000000eff00000)
 Metaspace       used 95163K, capacity 99606K, committed 101376K, reserved 1136640K
  class space    used 12755K, capacity 13683K, committed 14080K, reserved 1048576K
Event: 6295.986 GC heap after
Heap after GC invocations=27 (full 4):
 PSYoungGen      total 137216K, used 24957K [0x00000000f5580000, 0x0000000100000000, 0x0000000100000000)
  eden space 102912K, 0% used [0x00000000f5580000,0x00000000f5580000,0x00000000fba00000)
  from space 34304K, 72% used [0x00000000fba00000,0x00000000fd25f7e0,0x00000000fdb80000)
  to   space 35328K, 0% used [0x00000000fdd80000,0x00000000fdd80000,0x0000000100000000)
 ParOldGen       total 261120K, used 51719K [0x00000000e0000000, 0x00000000eff00000, 0x00000000f5580000)
  object space 261120K, 19% used [0x00000000e0000000,0x00000000e3281da8,0x00000000eff00000)
 Metaspace       used 95163K, capacity 99606K, committed 101376K, reserved 1136640K
  class space    used 12755K, capacity 13683K, committed 14080K, reserved 1048576K
}

