# JRE version: Java(TM) SE Runtime Environment (8.0_251-b08) (build 1.8.0_251-b08)
# Java VM: Java HotSpot(TM) 64-Bit Server VM (25.251-b08 mixed mode windows-amd64 compressed oops)
Heap:
 PSYoungGen      total 143872K, used 114438K [0x00000000f5580000, 0x0000000100000000, 0x0000000100000000)
  eden space 129536K, 88% used [0x00000000f5580000,0x00000000fc5419e8,0x00000000fd400000)
  from space 14336K, 0% used [0x00000000ff200000,0x00000000ff200000,0x0000000100000000)
  to   space 22528K, 0% used [0x00000000fd400000,0x00000000fd400000,0x00000000fea00000)
 ParOldGen       total 182272K, used 38715K [0x00000000e0000000, 0x00000000eb200000, 0x00000000f5580000)
  object space 182272K, 21% used [0x00000000e0000000,0x00000000e25cecd0,0x00000000eb200000)
 Metaspace       used 61959K, capacity 65305K, committed 65408K, reserved 1105920K
  class space    used 8871K, capacity 9600K, committed 9600K, reserved 1048576K
GC Heap History (10 events):
Event: 9.196 GC heap before
{Heap before GC invocations=9 (full 2):
 PSYoungGen      total 116224K, used 8567K [0x00000000f5580000, 0x0000000100000000, 0x0000000100000000)
  eden space 101888K, 0% used [0x00000000f5580000,0x00000000f5580000,0x00000000fb900000)
  from space 14336K, 59% used [0x00000000fb900000,0x00000000fc15dc08,0x00000000fc700000)
  to   space 13824K, 0% used [0x00000000ff280000,0x00000000ff280000,0x0000000100000000)
 ParOldGen       total 175104K, used 12564K [0x00000000e0000000, 0x00000000eab00000, 0x00000000f5580000)
  object space 175104K, 7% used [0x00000000e0000000,0x00000000e0c45170,0x00000000eab00000)
 Metaspace       used 34532K, capacity 35491K, committed 35496K, reserved 1079296K
  class space    used 4840K, capacity 5115K, committed 5120K, reserved 1048576K
Event: 9.261 GC heap after
Heap after GC invocations=9 (full 2):
 PSYoungGen      total 116224K, used 0K [0x00000000f5580000, 0x0000000100000000, 0x0000000100000000)
  eden space 101888K, 0% used [0x00000000f5580000,0x00000000f5580000,0x00000000fb900000)
  from space 14336K, 0% used [0x00000000fb900000,0x00000000fb900000,0x00000000fc700000)
  to   space 13824K, 0% used [0x00000000ff280000,0x00000000ff280000,0x0000000100000000)
 ParOldGen       total 175104K, used 15656K [0x00000000e0000000, 0x00000000eab00000, 0x00000000f5580000)
  object space 175104K, 8% used [0x00000000e0000000,0x00000000e0f4a128,0x00000000eab00000)
 Metaspace       used 34532K, capacity 35491K, committed 35496K, reserved 1079296K
  class space    used 4840K, capacity 5115K, committed 5120K, reserved 1048576K
}
Event: 10.304 GC heap before
{Heap before GC invocations=10 (full 2):
 PSYoungGen      total 116224K, used 101888K [0x00000000f5580000, 0x0000000100000000, 0x0000000100000000)
  eden space 101888K, 100% used [0x00000000f5580000,0x00000000fb900000,0x00000000fb900000)
  from space 14336K, 0% used [0x00000000fb900000,0x00000000fb900000,0x00000000fc700000)
  to   space 13824K, 0% used [0x00000000ff280000,0x00000000ff280000,0x0000000100000000)
 ParOldGen       total 175104K, used 15656K [0x00000000e0000000, 0x00000000eab00000, 0x00000000f5580000)
  object space 175104K, 8% used [0x00000000e0000000,0x00000000e0f4a128,0x00000000eab00000)
 Metaspace       used 43118K, capacity 44465K, committed 44800K, reserved 1087488K
  class space    used 5952K, capacity 6322K, committed 6400K, reserved 1048576K
Event: 10.311 GC heap after
Heap after GC invocations=10 (full 2):
 PSYoungGen      total 159744K, used 12402K [0x00000000f5580000, 0x0000000100000000, 0x0000000100000000)
  eden space 145920K, 0% used [0x00000000f5580000,0x00000000f5580000,0x00000000fe400000)
  from space 13824K, 89% used [0x00000000ff280000,0x00000000ffe9c978,0x0000000100000000)
  to   space 14336K, 0% used [0x00000000fe400000,0x00000000fe400000,0x00000000ff200000)
 ParOldGen       total 175104K, used 15664K [0x00000000e0000000, 0x00000000eab00000, 0x00000000f5580000)
  object space 175104K, 8% used [0x00000000e0000000,0x00000000e0f4c128,0x00000000eab00000)
 Metaspace       used 43118K, capacity 44465K, committed 44800K, reserved 1087488K
  class space    used 5952K, capacity 6322K, committed 6400K, reserved 1048576K
}
Event: 13.900 GC heap before
{Heap before GC invocations=11 (full 2):
 PSYoungGen      total 159744K, used 158322K [0x00000000f5580000, 0x0000000100000000, 0x0000000100000000)
  eden space 145920K, 100% used [0x00000000f5580000,0x00000000fe400000,0x00000000fe400000)
  from space 13824K, 89% used [0x00000000ff280000,0x00000000ffe9c978,0x0000000100000000)
  to   space 14336K, 0% used [0x00000000fe400000,0x00000000fe400000,0x00000000ff200000)
 ParOldGen       total 175104K, used 15664K [0x00000000e0000000, 0x00000000eab00000, 0x00000000f5580000)
  object space 175104K, 8% used [0x00000000e0000000,0x00000000e0f4c128,0x00000000eab00000)
 Metaspace       used 53264K, capacity 55289K, committed 55424K, reserved 1097728K
  class space    used 7452K, capacity 7974K, committed 8064K, reserved 1048576K
Event: 13.915 GC heap after
Heap after GC invocations=11 (full 2):
 PSYoungGen      total 160256K, used 14321K [0x00000000f5580000, 0x0000000100000000, 0x0000000100000000)
  eden space 145920K, 0% used [0x00000000f5580000,0x00000000f5580000,0x00000000fe400000)
  from space 14336K, 99% used [0x00000000fe400000,0x00000000ff1fc530,0x00000000ff200000)
  to   space 14336K, 0% used [0x00000000ff200000,0x00000000ff200000,0x0000000100000000)
 ParOldGen       total 175104K, used 24286K [0x00000000e0000000, 0x00000000eab00000, 0x00000000f5580000)
  object space 175104K, 13% used [0x00000000e0000000,0x00000000e17b78c0,0x00000000eab00000)
 Metaspace       used 53264K, capacity 55289K, committed 55424K, reserved 1097728K
  class space    used 7452K, capacity 7974K, committed 8064K, reserved 1048576K
}
Event: 14.689 GC heap before
{Heap before GC invocations=12 (full 2):
 PSYoungGen      total 160256K, used 95465K [0x00000000f5580000, 0x0000000100000000, 0x0000000100000000)
  eden space 145920K, 55% used [0x00000000f5580000,0x00000000fa4bdf80,0x00000000fe400000)
  from space 14336K, 99% used [0x00000000fe400000,0x00000000ff1fc530,0x00000000ff200000)
  to   space 14336K, 0% used [0x00000000ff200000,0x00000000ff200000,0x0000000100000000)
 ParOldGen       total 175104K, used 24286K [0x00000000e0000000, 0x00000000eab00000, 0x00000000f5580000)
  object space 175104K, 13% used [0x00000000e0000000,0x00000000e17b78c0,0x00000000eab00000)
 Metaspace       used 56737K, capacity 59003K, committed 59160K, reserved 1099776K
  class space    used 8039K, capacity 8565K, committed 8576K, reserved 1048576K
Event: 14.705 GC heap after
Heap after GC invocations=12 (full 2):
 PSYoungGen      total 143872K, used 14332K [0x00000000f5580000, 0x0000000100000000, 0x0000000100000000)
  eden space 129536K, 0% used [0x00000000f5580000,0x00000000f5580000,0x00000000fd400000)
  from space 14336K, 99% used [0x00000000ff200000,0x00000000fffff230,0x0000000100000000)
  to   space 22528K, 0% used [0x00000000fd400000,0x00000000fd400000,0x00000000fea00000)
 ParOldGen       total 175104K, used 32140K [0x00000000e0000000, 0x00000000eab00000, 0x00000000f5580000)
  object space 175104K, 18% used [0x00000000e0000000,0x00000000e1f63100,0x00000000eab00000)
 Metaspace       used 56737K, capacity 59003K, committed 59160K, reserved 1099776K
  class space    used 8039K, capacity 8565K, committed 8576K, reserved 1048576K
}
Event: 14.705 GC heap before
{Heap before GC invocations=13 (full 3):
 PSYoungGen      total 143872K, used 14332K [0x00000000f5580000, 0x0000000100000000, 0x0000000100000000)
  eden space 129536K, 0% used [0x00000000f5580000,0x00000000f5580000,0x00000000fd400000)
  from space 14336K, 99% used [0x00000000ff200000,0x00000000fffff230,0x0000000100000000)
  to   space 22528K, 0% used [0x00000000fd400000,0x00000000fd400000,0x00000000fea00000)
 ParOldGen       total 175104K, used 32140K [0x00000000e0000000, 0x00000000eab00000, 0x00000000f5580000)
  object space 175104K, 18% used [0x00000000e0000000,0x00000000e1f63100,0x00000000eab00000)
 Metaspace       used 56737K, capacity 59003K, committed 59160K, reserved 1099776K
  class space    used 8039K, capacity 8565K, committed 8576K, reserved 1048576K
Event: 14.954 GC heap after
Heap after GC invocations=13 (full 3):
 PSYoungGen      total 143872K, used 0K [0x00000000f5580000, 0x0000000100000000, 0x0000000100000000)
  eden space 129536K, 0% used [0x00000000f5580000,0x00000000f5580000,0x00000000fd400000)
  from space 14336K, 0% used [0x00000000ff200000,0x00000000ff200000,0x0000000100000000)
  to   space 22528K, 0% used [0x00000000fd400000,0x00000000fd400000,0x00000000fea00000)
 ParOldGen       total 182272K, used 38715K [0x00000000e0000000, 0x00000000eb200000, 0x00000000f5580000)
  object space 182272K, 21% used [0x00000000e0000000,0x00000000e25cecd0,0x00000000eb200000)
 Metaspace       used 56718K, capacity 58943K, committed 59160K, reserved 1099776K
  class space    used 8033K, capacity 8555K, committed 8576K, reserved 1048576K
}

