# JRE version: Java(TM) SE Runtime Environment (8.0_251-b08) (build 1.8.0_251-b08)
# Java VM: Java HotSpot(TM) 64-Bit Server VM (25.251-b08 mixed mode windows-amd64 compressed oops)
Heap:
 PSYoungGen      total 155136K, used 88635K [0x00000000f5580000, 0x0000000100000000, 0x0000000100000000)
  eden space 140800K, 52% used [0x00000000f5580000,0x00000000f9e12128,0x00000000fdf00000)
  from space 14336K, 99% used [0x00000000ff200000,0x00000000ffffcce8,0x0000000100000000)
  to   space 16896K, 0% used [0x00000000fdf00000,0x00000000fdf00000,0x00000000fef80000)
 ParOldGen       total 175104K, used 20998K [0x00000000e0000000, 0x00000000eab00000, 0x00000000f5580000)
  object space 175104K, 11% used [0x00000000e0000000,0x00000000e1481880,0x00000000eab00000)
 Metaspace       used 49356K, capacity 50947K, committed 51072K, reserved 1093632K
  class space    used 6772K, capacity 7222K, committed 7296K, reserved 1048576K
GC Heap History (10 events):
Event: 11.265 GC heap before
{Heap before GC invocations=6 (full 1):
 PSYoungGen      total 76288K, used 65536K [0x00000000f5580000, 0x00000000fea80000, 0x0000000100000000)
  eden space 65536K, 100% used [0x00000000f5580000,0x00000000f9580000,0x00000000f9580000)
  from space 10752K, 0% used [0x00000000fa000000,0x00000000fa000000,0x00000000faa80000)
  to   space 10752K, 0% used [0x00000000f9580000,0x00000000f9580000,0x00000000fa000000)
 ParOldGen       total 175104K, used 12455K [0x00000000e0000000, 0x00000000eab00000, 0x00000000f5580000)
  object space 175104K, 7% used [0x00000000e0000000,0x00000000e0c29e10,0x00000000eab00000)
 Metaspace       used 27575K, capacity 28202K, committed 28416K, reserved 1073152K
  class space    used 3822K, capacity 4023K, committed 4096K, reserved 1048576K
Event: 11.270 GC heap after
Heap after GC invocations=6 (full 1):
 PSYoungGen      total 76288K, used 7951K [0x00000000f5580000, 0x00000000fef80000, 0x0000000100000000)
  eden space 65536K, 0% used [0x00000000f5580000,0x00000000f5580000,0x00000000f9580000)
  from space 10752K, 73% used [0x00000000f9580000,0x00000000f9d43c48,0x00000000fa000000)
  to   space 14336K, 0% used [0x00000000fe180000,0x00000000fe180000,0x00000000fef80000)
 ParOldGen       total 175104K, used 12463K [0x00000000e0000000, 0x00000000eab00000, 0x00000000f5580000)
  object space 175104K, 7% used [0x00000000e0000000,0x00000000e0c2be10,0x00000000eab00000)
 Metaspace       used 27575K, capacity 28202K, committed 28416K, reserved 1073152K
  class space    used 3822K, capacity 4023K, committed 4096K, reserved 1048576K
}
Event: 11.890 GC heap before
{Heap before GC invocations=7 (full 1):
 PSYoungGen      total 76288K, used 73487K [0x00000000f5580000, 0x00000000fef80000, 0x0000000100000000)
  eden space 65536K, 100% used [0x00000000f5580000,0x00000000f9580000,0x00000000f9580000)
  from space 10752K, 73% used [0x00000000f9580000,0x00000000f9d43c48,0x00000000fa000000)
  to   space 14336K, 0% used [0x00000000fe180000,0x00000000fe180000,0x00000000fef80000)
 ParOldGen       total 175104K, used 12463K [0x00000000e0000000, 0x00000000eab00000, 0x00000000f5580000)
  object space 175104K, 7% used [0x00000000e0000000,0x00000000e0c2be10,0x00000000eab00000)
 Metaspace       used 31174K, capacity 31958K, committed 32256K, reserved 1077248K
  class space    used 4340K, capacity 4592K, committed 4608K, reserved 1048576K
Event: 11.899 GC heap after
Heap after GC invocations=7 (full 1):
 PSYoungGen      total 140288K, used 9609K [0x00000000f5580000, 0x00000000fed80000, 0x0000000100000000)
  eden space 128000K, 0% used [0x00000000f5580000,0x00000000f5580000,0x00000000fd280000)
  from space 12288K, 78% used [0x00000000fe180000,0x00000000feae2478,0x00000000fed80000)
  to   space 13824K, 0% used [0x00000000fd280000,0x00000000fd280000,0x00000000fe000000)
 ParOldGen       total 175104K, used 12471K [0x00000000e0000000, 0x00000000eab00000, 0x00000000f5580000)
  object space 175104K, 7% used [0x00000000e0000000,0x00000000e0c2de10,0x00000000eab00000)
 Metaspace       used 31174K, capacity 31958K, committed 32256K, reserved 1077248K
  class space    used 4340K, capacity 4592K, committed 4608K, reserved 1048576K
}
Event: 12.592 GC heap before
{Heap before GC invocations=8 (full 1):
 PSYoungGen      total 140288K, used 79223K [0x00000000f5580000, 0x00000000fed80000, 0x0000000100000000)
  eden space 128000K, 54% used [0x00000000f5580000,0x00000000f997bb48,0x00000000fd280000)
  from space 12288K, 78% used [0x00000000fe180000,0x00000000feae2478,0x00000000fed80000)
  to   space 13824K, 0% used [0x00000000fd280000,0x00000000fd280000,0x00000000fe000000)
 ParOldGen       total 175104K, used 12471K [0x00000000e0000000, 0x00000000eab00000, 0x00000000f5580000)
  object space 175104K, 7% used [0x00000000e0000000,0x00000000e0c2de10,0x00000000eab00000)
 Metaspace       used 34543K, capacity 35491K, committed 35496K, reserved 1079296K
  class space    used 4844K, capacity 5115K, committed 5120K, reserved 1048576K
Event: 12.603 GC heap after
Heap after GC invocations=8 (full 1):
 PSYoungGen      total 141824K, used 11583K [0x00000000f5580000, 0x0000000100000000, 0x0000000100000000)
  eden space 128000K, 0% used [0x00000000f5580000,0x00000000f5580000,0x00000000fd280000)
  from space 13824K, 83% used [0x00000000fd280000,0x00000000fddcfcb8,0x00000000fe000000)
  to   space 14336K, 0% used [0x00000000ff200000,0x00000000ff200000,0x0000000100000000)
 ParOldGen       total 175104K, used 12479K [0x00000000e0000000, 0x00000000eab00000, 0x00000000f5580000)
  object space 175104K, 7% used [0x00000000e0000000,0x00000000e0c2fe10,0x00000000eab00000)
 Metaspace       used 34543K, capacity 35491K, committed 35496K, reserved 1079296K
  class space    used 4844K, capacity 5115K, committed 5120K, reserved 1048576K
}
Event: 12.603 GC heap before
{Heap before GC invocations=9 (full 2):
 PSYoungGen      total 141824K, used 11583K [0x00000000f5580000, 0x0000000100000000, 0x0000000100000000)
  eden space 128000K, 0% used [0x00000000f5580000,0x00000000f5580000,0x00000000fd280000)
  from space 13824K, 83% used [0x00000000fd280000,0x00000000fddcfcb8,0x00000000fe000000)
  to   space 14336K, 0% used [0x00000000ff200000,0x00000000ff200000,0x0000000100000000)
 ParOldGen       total 175104K, used 12479K [0x00000000e0000000, 0x00000000eab00000, 0x00000000f5580000)
  object space 175104K, 7% used [0x00000000e0000000,0x00000000e0c2fe10,0x00000000eab00000)
 Metaspace       used 34543K, capacity 35491K, committed 35496K, reserved 1079296K
  class space    used 4844K, capacity 5115K, committed 5120K, reserved 1048576K
Event: 12.669 GC heap after
Heap after GC invocations=9 (full 2):
 PSYoungGen      total 141824K, used 0K [0x00000000f5580000, 0x0000000100000000, 0x0000000100000000)
  eden space 128000K, 0% used [0x00000000f5580000,0x00000000f5580000,0x00000000fd280000)
  from space 13824K, 0% used [0x00000000fd280000,0x00000000fd280000,0x00000000fe000000)
  to   space 14336K, 0% used [0x00000000ff200000,0x00000000ff200000,0x0000000100000000)
 ParOldGen       total 175104K, used 18429K [0x00000000e0000000, 0x00000000eab00000, 0x00000000f5580000)
  object space 175104K, 10% used [0x00000000e0000000,0x00000000e11ff678,0x00000000eab00000)
 Metaspace       used 34543K, capacity 35491K, committed 35496K, reserved 1079296K
  class space    used 4844K, capacity 5115K, committed 5120K, reserved 1048576K
}
Event: 14.534 GC heap before
{Heap before GC invocations=10 (full 2):
 PSYoungGen      total 141824K, used 128000K [0x00000000f5580000, 0x0000000100000000, 0x0000000100000000)
  eden space 128000K, 100% used [0x00000000f5580000,0x00000000fd280000,0x00000000fd280000)
  from space 13824K, 0% used [0x00000000fd280000,0x00000000fd280000,0x00000000fe000000)
  to   space 14336K, 0% used [0x00000000ff200000,0x00000000ff200000,0x0000000100000000)
 ParOldGen       total 175104K, used 18429K [0x00000000e0000000, 0x00000000eab00000, 0x00000000f5580000)
  object space 175104K, 10% used [0x00000000e0000000,0x00000000e11ff678,0x00000000eab00000)
 Metaspace       used 45282K, capacity 46619K, committed 46848K, reserved 1089536K
  class space    used 6225K, capacity 6585K, committed 6656K, reserved 1048576K
Event: 14.548 GC heap after
Heap after GC invocations=10 (full 2):
 PSYoungGen      total 155136K, used 14323K [0x00000000f5580000, 0x0000000100000000, 0x0000000100000000)
  eden space 140800K, 0% used [0x00000000f5580000,0x00000000f5580000,0x00000000fdf00000)
  from space 14336K, 99% used [0x00000000ff200000,0x00000000ffffcce8,0x0000000100000000)
  to   space 16896K, 0% used [0x00000000fdf00000,0x00000000fdf00000,0x00000000fef80000)
 ParOldGen       total 175104K, used 20998K [0x00000000e0000000, 0x00000000eab00000, 0x00000000f5580000)
  object space 175104K, 11% used [0x00000000e0000000,0x00000000e1481880,0x00000000eab00000)
 Metaspace       used 45282K, capacity 46619K, committed 46848K, reserved 1089536K
  class space    used 6225K, capacity 6585K, committed 6656K, reserved 1048576K
}

